<?xml version="1.0" encoding="UTF-8"?>
<!-- Generated by org.testng.reporters.JUnitReportReporter -->
<testsuite hostname="DESKTOP-C4D0FQ2" failures="0" tests="1" name="seleniumpkg1.Seleniumproj1$LoginAutomation" time="18.776" errors="0" timestamp="2023-06-25T21:26:27 IST" skipped="0">
  <testcase classname="seleniumpkg1.Seleniumproj1$LoginAutomation" name="login" time="18.776"/>
</testsuite> <!-- seleniumpkg1.Seleniumproj1$LoginAutomation -->
